# JRE version: OpenJDK Runtime Environment Temurin-21.0.8+9 (21.0.8+9) (build 21.0.8+9-LTS)
# Java VM: OpenJDK 64-Bit Server VM Temurin-21.0.8+9 (21.0.8+9-LTS, mixed mode, sharing, tiered, compressed oops, compressed class ptrs, parallel gc, windows-amd64)
GC Precious Log:
 CardTable entry size: 512
 CPUs: 4 total, 4 available
 Memory: 3987M
 Large Page Support: Disabled
 NUMA Support: Disabled
 Compressed Oops: Enabled (32-bit)
 Alignments: Space 512K, Generation 512K, Heap 2M
 Heap Min Capacity: 100M
 Heap Initial Capacity: 100M
 Heap Max Capacity: 2G
 Pre-touch: Disabled
 Parallel Workers: 4
Heap:
 PSYoungGen      total 10240K, used 6953K [0x00000000d5580000, 0x00000000d6600000, 0x0000000100000000)
  eden space 8704K, 65% used [0x00000000d5580000,0x00000000d5b09ee8,0x00000000d5e00000)
  from space 1536K, 83% used [0x00000000d6480000,0x00000000d65c0878,0x00000000d6600000)
  to   space 2048K, 0% used [0x00000000d6200000,0x00000000d6200000,0x00000000d6400000)
 ParOldGen       total 118784K, used 118301K [0x0000000080000000, 0x0000000087400000, 0x00000000d5580000)
  object space 118784K, 99% used [0x0000000080000000,0x0000000087387718,0x0000000087400000)
 Metaspace       used 62683K, committed 64128K, reserved 1114112K
  class space    used 6630K, committed 7232K, reserved 1048576K
GC Heap History (20 events):
Event: 115.080 GC heap before
{Heap before GC invocations=34 (full 3):
 PSYoungGen      total 24576K, used 1750K [0x00000000d5580000, 0x00000000d7080000, 0x0000000100000000)
  eden space 22016K, 0% used [0x00000000d5580000,0x00000000d5580000,0x00000000d6b00000)
  from space 2560K, 68% used [0x00000000d6b80000,0x00000000d6d35a10,0x00000000d6e00000)
  to   space 2048K, 0% used [0x00000000d6e80000,0x00000000d6e80000,0x00000000d7080000)
 ParOldGen       total 68608K, used 43390K [0x0000000080000000, 0x0000000084300000, 0x00000000d5580000)
  object space 68608K, 63% used [0x0000000080000000,0x0000000082a5f9a0,0x0000000084300000)
 Metaspace       used 58411K, committed 59776K, reserved 1114112K
  class space    used 6230K, committed 6848K, reserved 1048576K
}
Event: 115.913 GC heap after
{Heap after GC invocations=34 (full 3):
 PSYoungGen      total 24576K, used 0K [0x00000000d5580000, 0x00000000d7080000, 0x0000000100000000)
  eden space 22016K, 0% used [0x00000000d5580000,0x00000000d5580000,0x00000000d6b00000)
  from space 2560K, 0% used [0x00000000d6b80000,0x00000000d6b80000,0x00000000d6e00000)
  to   space 2048K, 0% used [0x00000000d6e80000,0x00000000d6e80000,0x00000000d7080000)
 ParOldGen       total 68608K, used 41292K [0x0000000080000000, 0x0000000084300000, 0x00000000d5580000)
  object space 68608K, 60% used [0x0000000080000000,0x00000000828532b0,0x0000000084300000)
 Metaspace       used 58407K, committed 59776K, reserved 1114112K
  class space    used 6229K, committed 6848K, reserved 1048576K
}
Event: 117.396 GC heap before
{Heap before GC invocations=35 (full 3):
 PSYoungGen      total 24576K, used 22016K [0x00000000d5580000, 0x00000000d7080000, 0x0000000100000000)
  eden space 22016K, 100% used [0x00000000d5580000,0x00000000d6b00000,0x00000000d6b00000)
  from space 2560K, 0% used [0x00000000d6b80000,0x00000000d6b80000,0x00000000d6e00000)
  to   space 2048K, 0% used [0x00000000d6e80000,0x00000000d6e80000,0x00000000d7080000)
 ParOldGen       total 68608K, used 41292K [0x0000000080000000, 0x0000000084300000, 0x00000000d5580000)
  object space 68608K, 60% used [0x0000000080000000,0x00000000828532b0,0x0000000084300000)
 Metaspace       used 59565K, committed 60992K, reserved 1114112K
  class space    used 6341K, committed 6976K, reserved 1048576K
}
Event: 117.403 GC heap after
{Heap after GC invocations=35 (full 3):
 PSYoungGen      total 24064K, used 2030K [0x00000000d5580000, 0x00000000d7200000, 0x0000000100000000)
  eden space 22016K, 0% used [0x00000000d5580000,0x00000000d5580000,0x00000000d6b00000)
  from space 2048K, 99% used [0x00000000d6e80000,0x00000000d707b948,0x00000000d7080000)
  to   space 3584K, 0% used [0x00000000d6b00000,0x00000000d6b00000,0x00000000d6e80000)
 ParOldGen       total 68608K, used 42160K [0x0000000080000000, 0x0000000084300000, 0x00000000d5580000)
  object space 68608K, 61% used [0x0000000080000000,0x000000008292c010,0x0000000084300000)
 Metaspace       used 59565K, committed 60992K, reserved 1114112K
  class space    used 6341K, committed 6976K, reserved 1048576K
}
Event: 119.119 GC heap before
{Heap before GC invocations=36 (full 3):
 PSYoungGen      total 24064K, used 20465K [0x00000000d5580000, 0x00000000d7200000, 0x0000000100000000)
  eden space 22016K, 83% used [0x00000000d5580000,0x00000000d6780c60,0x00000000d6b00000)
  from space 2048K, 99% used [0x00000000d6e80000,0x00000000d707b948,0x00000000d7080000)
  to   space 3584K, 0% used [0x00000000d6b00000,0x00000000d6b00000,0x00000000d6e80000)
 ParOldGen       total 68608K, used 42160K [0x0000000080000000, 0x0000000084300000, 0x00000000d5580000)
  object space 68608K, 61% used [0x0000000080000000,0x000000008292c010,0x0000000084300000)
 Metaspace       used 60193K, committed 61504K, reserved 1114112K
  class space    used 6395K, committed 6976K, reserved 1048576K
}
Event: 119.157 GC heap after
{Heap after GC invocations=36 (full 3):
 PSYoungGen      total 25600K, used 3260K [0x00000000d5580000, 0x00000000d7200000, 0x0000000100000000)
  eden space 22016K, 0% used [0x00000000d5580000,0x00000000d5580000,0x00000000d6b00000)
  from space 3584K, 90% used [0x00000000d6b00000,0x00000000d6e2f368,0x00000000d6e80000)
  to   space 3584K, 0% used [0x00000000d6e80000,0x00000000d6e80000,0x00000000d7200000)
 ParOldGen       total 68608K, used 50274K [0x0000000080000000, 0x0000000084300000, 0x00000000d5580000)
  object space 68608K, 73% used [0x0000000080000000,0x0000000083118a70,0x0000000084300000)
 Metaspace       used 60193K, committed 61504K, reserved 1114112K
  class space    used 6395K, committed 6976K, reserved 1048576K
}
Event: 120.112 GC heap before
{Heap before GC invocations=37 (full 3):
 PSYoungGen      total 25600K, used 25276K [0x00000000d5580000, 0x00000000d7200000, 0x0000000100000000)
  eden space 22016K, 100% used [0x00000000d5580000,0x00000000d6b00000,0x00000000d6b00000)
  from space 3584K, 90% used [0x00000000d6b00000,0x00000000d6e2f368,0x00000000d6e80000)
  to   space 3584K, 0% used [0x00000000d6e80000,0x00000000d6e80000,0x00000000d7200000)
 ParOldGen       total 79872K, used 76604K [0x0000000080000000, 0x0000000084e00000, 0x00000000d5580000)
  object space 79872K, 95% used [0x0000000080000000,0x0000000084acf020,0x0000000084e00000)
 Metaspace       used 60420K, committed 61824K, reserved 1114112K
  class space    used 6420K, committed 7040K, reserved 1048576K
}
Event: 120.116 GC heap after
{Heap after GC invocations=37 (full 3):
 PSYoungGen      total 22528K, used 384K [0x00000000d5580000, 0x00000000d6f00000, 0x0000000100000000)
  eden space 22016K, 0% used [0x00000000d5580000,0x00000000d5580000,0x00000000d6b00000)
  from space 512K, 75% used [0x00000000d6e80000,0x00000000d6ee0040,0x00000000d6f00000)
  to   space 1536K, 0% used [0x00000000d6c00000,0x00000000d6c00000,0x00000000d6d80000)
 ParOldGen       total 79872K, used 78470K [0x0000000080000000, 0x0000000084e00000, 0x00000000d5580000)
  object space 79872K, 98% used [0x0000000080000000,0x0000000084ca1a80,0x0000000084e00000)
 Metaspace       used 60420K, committed 61824K, reserved 1114112K
  class space    used 6420K, committed 7040K, reserved 1048576K
}
Event: 120.987 GC heap before
{Heap before GC invocations=38 (full 3):
 PSYoungGen      total 22528K, used 22400K [0x00000000d5580000, 0x00000000d6f00000, 0x0000000100000000)
  eden space 22016K, 100% used [0x00000000d5580000,0x00000000d6b00000,0x00000000d6b00000)
  from space 512K, 75% used [0x00000000d6e80000,0x00000000d6ee0040,0x00000000d6f00000)
  to   space 1536K, 0% used [0x00000000d6c00000,0x00000000d6c00000,0x00000000d6d80000)
 ParOldGen       total 79872K, used 78470K [0x0000000080000000, 0x0000000084e00000, 0x00000000d5580000)
  object space 79872K, 98% used [0x0000000080000000,0x0000000084ca1a80,0x0000000084e00000)
 Metaspace       used 60902K, committed 62272K, reserved 1114112K
  class space    used 6466K, committed 7040K, reserved 1048576K
}
Event: 121.061 GC heap after
{Heap after GC invocations=38 (full 3):
 PSYoungGen      total 23552K, used 1516K [0x00000000d5580000, 0x00000000d6f00000, 0x0000000100000000)
  eden space 22016K, 0% used [0x00000000d5580000,0x00000000d5580000,0x00000000d6b00000)
  from space 1536K, 98% used [0x00000000d6c00000,0x00000000d6d7b128,0x00000000d6d80000)
  to   space 512K, 0% used [0x00000000d6e80000,0x00000000d6e80000,0x00000000d6f00000)
 ParOldGen       total 88576K, used 88257K [0x0000000080000000, 0x0000000085680000, 0x00000000d5580000)
  object space 88576K, 99% used [0x0000000080000000,0x00000000856306b8,0x0000000085680000)
 Metaspace       used 60902K, committed 62272K, reserved 1114112K
  class space    used 6466K, committed 7040K, reserved 1048576K
}
Event: 121.872 GC heap before
{Heap before GC invocations=39 (full 3):
 PSYoungGen      total 23552K, used 23532K [0x00000000d5580000, 0x00000000d6f00000, 0x0000000100000000)
  eden space 22016K, 100% used [0x00000000d5580000,0x00000000d6b00000,0x00000000d6b00000)
  from space 1536K, 98% used [0x00000000d6c00000,0x00000000d6d7b128,0x00000000d6d80000)
  to   space 512K, 0% used [0x00000000d6e80000,0x00000000d6e80000,0x00000000d6f00000)
 ParOldGen       total 88576K, used 88257K [0x0000000080000000, 0x0000000085680000, 0x00000000d5580000)
  object space 88576K, 99% used [0x0000000080000000,0x00000000856306b8,0x0000000085680000)
 Metaspace       used 61168K, committed 62592K, reserved 1114112K
  class space    used 6482K, committed 7104K, reserved 1048576K
}
Event: 121.902 GC heap after
{Heap after GC invocations=39 (full 3):
 PSYoungGen      total 9216K, used 512K [0x00000000d5580000, 0x00000000d8c00000, 0x0000000100000000)
  eden space 8704K, 0% used [0x00000000d5580000,0x00000000d5580000,0x00000000d5e00000)
  from space 512K, 100% used [0x00000000d6e80000,0x00000000d6f00000,0x00000000d6f00000)
  to   space 16896K, 0% used [0x00000000d5e00000,0x00000000d5e00000,0x00000000d6e80000)
 ParOldGen       total 103424K, used 103331K [0x0000000080000000, 0x0000000086500000, 0x00000000d5580000)
  object space 103424K, 99% used [0x0000000080000000,0x00000000864e8d58,0x0000000086500000)
 Metaspace       used 61168K, committed 62592K, reserved 1114112K
  class space    used 6482K, committed 7104K, reserved 1048576K
}
Event: 122.063 GC heap before
{Heap before GC invocations=40 (full 3):
 PSYoungGen      total 9216K, used 9216K [0x00000000d5580000, 0x00000000d8c00000, 0x0000000100000000)
  eden space 8704K, 100% used [0x00000000d5580000,0x00000000d5e00000,0x00000000d5e00000)
  from space 512K, 100% used [0x00000000d6e80000,0x00000000d6f00000,0x00000000d6f00000)
  to   space 16896K, 0% used [0x00000000d5e00000,0x00000000d5e00000,0x00000000d6e80000)
 ParOldGen       total 103424K, used 103331K [0x0000000080000000, 0x0000000086500000, 0x00000000d5580000)
  object space 103424K, 99% used [0x0000000080000000,0x00000000864e8d58,0x0000000086500000)
 Metaspace       used 61261K, committed 62656K, reserved 1114112K
  class space    used 6492K, committed 7104K, reserved 1048576K
}
Event: 122.072 GC heap after
{Heap after GC invocations=40 (full 3):
 PSYoungGen      total 15360K, used 6240K [0x00000000d5580000, 0x00000000d7100000, 0x0000000100000000)
  eden space 8704K, 0% used [0x00000000d5580000,0x00000000d5580000,0x00000000d5e00000)
  from space 6656K, 93% used [0x00000000d5e00000,0x00000000d6418280,0x00000000d6480000)
  to   space 9728K, 0% used [0x00000000d6780000,0x00000000d6780000,0x00000000d7100000)
 ParOldGen       total 103936K, used 103851K [0x0000000080000000, 0x0000000086580000, 0x00000000d5580000)
  object space 103936K, 99% used [0x0000000080000000,0x000000008656ad68,0x0000000086580000)
 Metaspace       used 61261K, committed 62656K, reserved 1114112K
  class space    used 6492K, committed 7104K, reserved 1048576K
}
Event: 122.218 GC heap before
{Heap before GC invocations=41 (full 3):
 PSYoungGen      total 15360K, used 14944K [0x00000000d5580000, 0x00000000d7100000, 0x0000000100000000)
  eden space 8704K, 100% used [0x00000000d5580000,0x00000000d5e00000,0x00000000d5e00000)
  from space 6656K, 93% used [0x00000000d5e00000,0x00000000d6418280,0x00000000d6480000)
  to   space 9728K, 0% used [0x00000000d6780000,0x00000000d6780000,0x00000000d7100000)
 ParOldGen       total 103936K, used 103851K [0x0000000080000000, 0x0000000086580000, 0x00000000d5580000)
  object space 103936K, 99% used [0x0000000080000000,0x000000008656ad68,0x0000000086580000)
 Metaspace       used 61261K, committed 62656K, reserved 1114112K
  class space    used 6492K, committed 7104K, reserved 1048576K
}
Event: 122.240 GC heap after
{Heap after GC invocations=41 (full 3):
 PSYoungGen      total 15360K, used 6656K [0x00000000d5580000, 0x00000000d6e00000, 0x0000000100000000)
  eden space 8704K, 0% used [0x00000000d5580000,0x00000000d5580000,0x00000000d5e00000)
  from space 6656K, 100% used [0x00000000d6780000,0x00000000d6e00000,0x00000000d6e00000)
  to   space 7168K, 0% used [0x00000000d6000000,0x00000000d6000000,0x00000000d6700000)
 ParOldGen       total 110592K, used 110099K [0x0000000080000000, 0x0000000086c00000, 0x00000000d5580000)
  object space 110592K, 99% used [0x0000000080000000,0x0000000086b84fe8,0x0000000086c00000)
 Metaspace       used 61261K, committed 62656K, reserved 1114112K
  class space    used 6492K, committed 7104K, reserved 1048576K
}
Event: 123.617 GC heap before
{Heap before GC invocations=42 (full 3):
 PSYoungGen      total 15360K, used 15360K [0x00000000d5580000, 0x00000000d6e00000, 0x0000000100000000)
  eden space 8704K, 100% used [0x00000000d5580000,0x00000000d5e00000,0x00000000d5e00000)
  from space 6656K, 100% used [0x00000000d6780000,0x00000000d6e00000,0x00000000d6e00000)
  to   space 7168K, 0% used [0x00000000d6000000,0x00000000d6000000,0x00000000d6700000)
 ParOldGen       total 110592K, used 110099K [0x0000000080000000, 0x0000000086c00000, 0x00000000d5580000)
  object space 110592K, 99% used [0x0000000080000000,0x0000000086b84fe8,0x0000000086c00000)
 Metaspace       used 61650K, committed 63040K, reserved 1114112K
  class space    used 6527K, committed 7104K, reserved 1048576K
}
Event: 123.641 GC heap after
{Heap after GC invocations=42 (full 3):
 PSYoungGen      total 10752K, used 1632K [0x00000000d5580000, 0x00000000d6800000, 0x0000000100000000)
  eden space 8704K, 0% used [0x00000000d5580000,0x00000000d5580000,0x00000000d5e00000)
  from space 2048K, 79% used [0x00000000d6000000,0x00000000d6198000,0x00000000d6200000)
  to   space 3584K, 0% used [0x00000000d6480000,0x00000000d6480000,0x00000000d6800000)
 ParOldGen       total 117248K, used 116736K [0x0000000080000000, 0x0000000087280000, 0x00000000d5580000)
  object space 117248K, 99% used [0x0000000080000000,0x00000000872003b0,0x0000000087280000)
 Metaspace       used 61650K, committed 63040K, reserved 1114112K
  class space    used 6527K, committed 7104K, reserved 1048576K
}
Event: 124.208 GC heap before
{Heap before GC invocations=43 (full 3):
 PSYoungGen      total 10752K, used 10336K [0x00000000d5580000, 0x00000000d6800000, 0x0000000100000000)
  eden space 8704K, 100% used [0x00000000d5580000,0x00000000d5e00000,0x00000000d5e00000)
  from space 2048K, 79% used [0x00000000d6000000,0x00000000d6198000,0x00000000d6200000)
  to   space 3584K, 0% used [0x00000000d6480000,0x00000000d6480000,0x00000000d6800000)
 ParOldGen       total 117248K, used 116736K [0x0000000080000000, 0x0000000087280000, 0x00000000d5580000)
  object space 117248K, 99% used [0x0000000080000000,0x00000000872003b0,0x0000000087280000)
 Metaspace       used 62315K, committed 63680K, reserved 1114112K
  class space    used 6601K, committed 7168K, reserved 1048576K
}
Event: 124.217 GC heap after
{Heap after GC invocations=43 (full 3):
 PSYoungGen      total 10240K, used 1282K [0x00000000d5580000, 0x00000000d6600000, 0x0000000100000000)
  eden space 8704K, 0% used [0x00000000d5580000,0x00000000d5580000,0x00000000d5e00000)
  from space 1536K, 83% used [0x00000000d6480000,0x00000000d65c0878,0x00000000d6600000)
  to   space 2048K, 0% used [0x00000000d6200000,0x00000000d6200000,0x00000000d6400000)
 ParOldGen       total 118784K, used 118301K [0x0000000080000000, 0x0000000087400000, 0x00000000d5580000)
  object space 118784K, 99% used [0x0000000080000000,0x0000000087387718,0x0000000087400000)
 Metaspace       used 62315K, committed 63680K, reserved 1114112K
  class space    used 6601K, committed 7168K, reserved 1048576K
}

