# JRE version: OpenJDK Runtime Environment Temurin-21.0.8+9 (21.0.8+9) (build 21.0.8+9-LTS)
# Java VM: OpenJDK 64-Bit Server VM Temurin-21.0.8+9 (21.0.8+9-LTS, mixed mode, sharing, tiered, compressed oops, compressed class ptrs, parallel gc, windows-amd64)
GC Precious Log:
 CardTable entry size: 512
 CPUs: 4 total, 4 available
 Memory: 3987M
 Large Page Support: Disabled
 NUMA Support: Disabled
 Compressed Oops: Enabled (32-bit)
 Alignments: Space 512K, Generation 512K, Heap 2M
 Heap Min Capacity: 100M
 Heap Initial Capacity: 100M
 Heap Max Capacity: 2G
 Pre-touch: Disabled
 Parallel Workers: 4
Heap:
 PSYoungGen      total 20992K, used 20785K [0x00000000d5580000, 0x00000000d6e80000, 0x0000000100000000)
  eden space 19456K, 100% used [0x00000000d5580000,0x00000000d6880000,0x00000000d6880000)
  from space 1536K, 86% used [0x00000000d6d00000,0x00000000d6e4c670,0x00000000d6e80000)
  to   space 2560K, 6% used [0x00000000d6980000,0x00000000d69aa480,0x00000000d6c00000)
 ParOldGen       total 68608K, used 43389K [0x0000000080000000, 0x0000000084300000, 0x00000000d5580000)
  object space 68608K, 63% used [0x0000000080000000,0x0000000082a5f4c0,0x0000000084300000)
 Metaspace       used 60678K, committed 62080K, reserved 1114112K
  class space    used 6454K, committed 7040K, reserved 1048576K
GC Heap History (20 events):
Event: 18.803 GC heap before
{Heap before GC invocations=28 (full 2):
 PSYoungGen      total 23040K, used 22927K [0x00000000d5580000, 0x00000000d6f80000, 0x0000000100000000)
  eden space 19456K, 100% used [0x00000000d5580000,0x00000000d6880000,0x00000000d6880000)
  from space 3584K, 96% used [0x00000000d6880000,0x00000000d6be3df0,0x00000000d6c00000)
  to   space 3584K, 0% used [0x00000000d6c00000,0x00000000d6c00000,0x00000000d6f80000)
 ParOldGen       total 68608K, used 36144K [0x0000000080000000, 0x0000000084300000, 0x00000000d5580000)
  object space 68608K, 52% used [0x0000000080000000,0x000000008234c2c0,0x0000000084300000)
 Metaspace       used 49681K, committed 50880K, reserved 1114112K
  class space    used 5410K, committed 5888K, reserved 1048576K
}
Event: 18.810 GC heap after
{Heap after GC invocations=28 (full 2):
 PSYoungGen      total 20992K, used 1076K [0x00000000d5580000, 0x00000000d6d80000, 0x0000000100000000)
  eden space 19456K, 0% used [0x00000000d5580000,0x00000000d5580000,0x00000000d6880000)
  from space 1536K, 70% used [0x00000000d6c00000,0x00000000d6d0d3c8,0x00000000d6d80000)
  to   space 2048K, 0% used [0x00000000d6980000,0x00000000d6980000,0x00000000d6b80000)
 ParOldGen       total 68608K, used 39486K [0x0000000080000000, 0x0000000084300000, 0x00000000d5580000)
  object space 68608K, 57% used [0x0000000080000000,0x000000008268f818,0x0000000084300000)
 Metaspace       used 49681K, committed 50880K, reserved 1114112K
  class space    used 5410K, committed 5888K, reserved 1048576K
}
Event: 19.506 GC heap before
{Heap before GC invocations=29 (full 2):
 PSYoungGen      total 20992K, used 20532K [0x00000000d5580000, 0x00000000d6d80000, 0x0000000100000000)
  eden space 19456K, 100% used [0x00000000d5580000,0x00000000d6880000,0x00000000d6880000)
  from space 1536K, 70% used [0x00000000d6c00000,0x00000000d6d0d3c8,0x00000000d6d80000)
  to   space 2048K, 0% used [0x00000000d6980000,0x00000000d6980000,0x00000000d6b80000)
 ParOldGen       total 68608K, used 39486K [0x0000000080000000, 0x0000000084300000, 0x00000000d5580000)
  object space 68608K, 57% used [0x0000000080000000,0x000000008268f818,0x0000000084300000)
 Metaspace       used 50634K, committed 51840K, reserved 1114112K
  class space    used 5513K, committed 6016K, reserved 1048576K
}
Event: 19.509 GC heap after
{Heap after GC invocations=29 (full 2):
 PSYoungGen      total 21504K, used 454K [0x00000000d5580000, 0x00000000d6c80000, 0x0000000100000000)
  eden space 19456K, 0% used [0x00000000d5580000,0x00000000d5580000,0x00000000d6880000)
  from space 2048K, 22% used [0x00000000d6980000,0x00000000d69f1a58,0x00000000d6b80000)
  to   space 1024K, 0% used [0x00000000d6b80000,0x00000000d6b80000,0x00000000d6c80000)
 ParOldGen       total 68608K, used 40479K [0x0000000080000000, 0x0000000084300000, 0x00000000d5580000)
  object space 68608K, 59% used [0x0000000080000000,0x0000000082787fc8,0x0000000084300000)
 Metaspace       used 50634K, committed 51840K, reserved 1114112K
  class space    used 5513K, committed 6016K, reserved 1048576K
}
Event: 19.751 GC heap before
{Heap before GC invocations=30 (full 2):
 PSYoungGen      total 21504K, used 19910K [0x00000000d5580000, 0x00000000d6c80000, 0x0000000100000000)
  eden space 19456K, 100% used [0x00000000d5580000,0x00000000d6880000,0x00000000d6880000)
  from space 2048K, 22% used [0x00000000d6980000,0x00000000d69f1a58,0x00000000d6b80000)
  to   space 1024K, 0% used [0x00000000d6b80000,0x00000000d6b80000,0x00000000d6c80000)
 ParOldGen       total 68608K, used 40479K [0x0000000080000000, 0x0000000084300000, 0x00000000d5580000)
  object space 68608K, 59% used [0x0000000080000000,0x0000000082787fc8,0x0000000084300000)
 Metaspace       used 51349K, committed 52544K, reserved 1114112K
  class space    used 5580K, committed 6080K, reserved 1048576K
}
Event: 19.755 GC heap after
{Heap after GC invocations=30 (full 2):
 PSYoungGen      total 20480K, used 1014K [0x00000000d5580000, 0x00000000d6d80000, 0x0000000100000000)
  eden space 19456K, 0% used [0x00000000d5580000,0x00000000d5580000,0x00000000d6880000)
  from space 1024K, 99% used [0x00000000d6b80000,0x00000000d6c7db00,0x00000000d6c80000)
  to   space 2560K, 0% used [0x00000000d6880000,0x00000000d6880000,0x00000000d6b00000)
 ParOldGen       total 68608K, used 41341K [0x0000000080000000, 0x0000000084300000, 0x00000000d5580000)
  object space 68608K, 60% used [0x0000000080000000,0x000000008285f460,0x0000000084300000)
 Metaspace       used 51349K, committed 52544K, reserved 1114112K
  class space    used 5580K, committed 6080K, reserved 1048576K
}
Event: 19.847 GC heap before
{Heap before GC invocations=31 (full 2):
 PSYoungGen      total 20480K, used 20470K [0x00000000d5580000, 0x00000000d6d80000, 0x0000000100000000)
  eden space 19456K, 100% used [0x00000000d5580000,0x00000000d6880000,0x00000000d6880000)
  from space 1024K, 99% used [0x00000000d6b80000,0x00000000d6c7db00,0x00000000d6c80000)
  to   space 2560K, 0% used [0x00000000d6880000,0x00000000d6880000,0x00000000d6b00000)
 ParOldGen       total 68608K, used 41341K [0x0000000080000000, 0x0000000084300000, 0x00000000d5580000)
  object space 68608K, 60% used [0x0000000080000000,0x000000008285f460,0x0000000084300000)
 Metaspace       used 51366K, committed 52608K, reserved 1114112K
  class space    used 5580K, committed 6080K, reserved 1048576K
}
Event: 19.850 GC heap after
{Heap after GC invocations=31 (full 2):
 PSYoungGen      total 20480K, used 959K [0x00000000d5580000, 0x00000000d6c00000, 0x0000000100000000)
  eden space 19456K, 0% used [0x00000000d5580000,0x00000000d5580000,0x00000000d6880000)
  from space 1024K, 93% used [0x00000000d6880000,0x00000000d696fe68,0x00000000d6980000)
  to   space 1536K, 0% used [0x00000000d6a80000,0x00000000d6a80000,0x00000000d6c00000)
 ParOldGen       total 68608K, used 41890K [0x0000000080000000, 0x0000000084300000, 0x00000000d5580000)
  object space 68608K, 61% used [0x0000000080000000,0x00000000828e8b50,0x0000000084300000)
 Metaspace       used 51366K, committed 52608K, reserved 1114112K
  class space    used 5580K, committed 6080K, reserved 1048576K
}
Event: 20.322 GC heap before
{Heap before GC invocations=32 (full 2):
 PSYoungGen      total 20480K, used 20352K [0x00000000d5580000, 0x00000000d6c00000, 0x0000000100000000)
  eden space 19456K, 99% used [0x00000000d5580000,0x00000000d6870540,0x00000000d6880000)
  from space 1024K, 93% used [0x00000000d6880000,0x00000000d696fe68,0x00000000d6980000)
  to   space 1536K, 0% used [0x00000000d6a80000,0x00000000d6a80000,0x00000000d6c00000)
 ParOldGen       total 68608K, used 41890K [0x0000000080000000, 0x0000000084300000, 0x00000000d5580000)
  object space 68608K, 61% used [0x0000000080000000,0x00000000828e8b50,0x0000000084300000)
 Metaspace       used 53591K, committed 54848K, reserved 1114112K
  class space    used 5787K, committed 6336K, reserved 1048576K
}
Event: 20.326 GC heap after
{Heap after GC invocations=32 (full 2):
 PSYoungGen      total 20480K, used 696K [0x00000000d5580000, 0x00000000d6b80000, 0x0000000100000000)
  eden space 19456K, 0% used [0x00000000d5580000,0x00000000d5580000,0x00000000d6880000)
  from space 1024K, 68% used [0x00000000d6a80000,0x00000000d6b2e1e8,0x00000000d6b80000)
  to   space 1024K, 0% used [0x00000000d6880000,0x00000000d6880000,0x00000000d6980000)
 ParOldGen       total 68608K, used 41898K [0x0000000080000000, 0x0000000084300000, 0x00000000d5580000)
  object space 68608K, 61% used [0x0000000080000000,0x00000000828eab50,0x0000000084300000)
 Metaspace       used 53591K, committed 54848K, reserved 1114112K
  class space    used 5787K, committed 6336K, reserved 1048576K
}
Event: 21.719 GC heap before
{Heap before GC invocations=33 (full 2):
 PSYoungGen      total 20480K, used 20103K [0x00000000d5580000, 0x00000000d6b80000, 0x0000000100000000)
  eden space 19456K, 99% used [0x00000000d5580000,0x00000000d6873c68,0x00000000d6880000)
  from space 1024K, 68% used [0x00000000d6a80000,0x00000000d6b2e1e8,0x00000000d6b80000)
  to   space 1024K, 0% used [0x00000000d6880000,0x00000000d6880000,0x00000000d6980000)
 ParOldGen       total 68608K, used 41898K [0x0000000080000000, 0x0000000084300000, 0x00000000d5580000)
  object space 68608K, 61% used [0x0000000080000000,0x00000000828eab50,0x0000000084300000)
 Metaspace       used 55976K, committed 57344K, reserved 1114112K
  class space    used 6052K, committed 6656K, reserved 1048576K
}
Event: 21.728 GC heap after
{Heap after GC invocations=33 (full 2):
 PSYoungGen      total 20480K, used 992K [0x00000000d5580000, 0x00000000d6c80000, 0x0000000100000000)
  eden space 19456K, 0% used [0x00000000d5580000,0x00000000d5580000,0x00000000d6880000)
  from space 1024K, 96% used [0x00000000d6880000,0x00000000d6978030,0x00000000d6980000)
  to   space 2048K, 0% used [0x00000000d6a80000,0x00000000d6a80000,0x00000000d6c80000)
 ParOldGen       total 68608K, used 42392K [0x0000000080000000, 0x0000000084300000, 0x00000000d5580000)
  object space 68608K, 61% used [0x0000000080000000,0x0000000082966078,0x0000000084300000)
 Metaspace       used 55976K, committed 57344K, reserved 1114112K
  class space    used 6052K, committed 6656K, reserved 1048576K
}
Event: 24.044 GC heap before
{Heap before GC invocations=34 (full 2):
 PSYoungGen      total 20480K, used 20448K [0x00000000d5580000, 0x00000000d6c80000, 0x0000000100000000)
  eden space 19456K, 100% used [0x00000000d5580000,0x00000000d6880000,0x00000000d6880000)
  from space 1024K, 96% used [0x00000000d6880000,0x00000000d6978030,0x00000000d6980000)
  to   space 2048K, 0% used [0x00000000d6a80000,0x00000000d6a80000,0x00000000d6c80000)
 ParOldGen       total 68608K, used 42392K [0x0000000080000000, 0x0000000084300000, 0x00000000d5580000)
  object space 68608K, 61% used [0x0000000080000000,0x0000000082966078,0x0000000084300000)
 Metaspace       used 57809K, committed 59200K, reserved 1114112K
  class space    used 6236K, committed 6848K, reserved 1048576K
}
Event: 24.117 GC heap after
{Heap after GC invocations=34 (full 2):
 PSYoungGen      total 21504K, used 1831K [0x00000000d5580000, 0x00000000d6c80000, 0x0000000100000000)
  eden space 19456K, 0% used [0x00000000d5580000,0x00000000d5580000,0x00000000d6880000)
  from space 2048K, 89% used [0x00000000d6a80000,0x00000000d6c49e60,0x00000000d6c80000)
  to   space 2048K, 0% used [0x00000000d6880000,0x00000000d6880000,0x00000000d6a80000)
 ParOldGen       total 68608K, used 43026K [0x0000000080000000, 0x0000000084300000, 0x00000000d5580000)
  object space 68608K, 62% used [0x0000000080000000,0x0000000082a04b48,0x0000000084300000)
 Metaspace       used 57809K, committed 59200K, reserved 1114112K
  class space    used 6236K, committed 6848K, reserved 1048576K
}
Event: 25.748 GC heap before
{Heap before GC invocations=35 (full 2):
 PSYoungGen      total 21504K, used 18106K [0x00000000d5580000, 0x00000000d6c80000, 0x0000000100000000)
  eden space 19456K, 83% used [0x00000000d5580000,0x00000000d6564a08,0x00000000d6880000)
  from space 2048K, 89% used [0x00000000d6a80000,0x00000000d6c49e60,0x00000000d6c80000)
  to   space 2048K, 0% used [0x00000000d6880000,0x00000000d6880000,0x00000000d6a80000)
 ParOldGen       total 68608K, used 43026K [0x0000000080000000, 0x0000000084300000, 0x00000000d5580000)
  object space 68608K, 62% used [0x0000000080000000,0x0000000082a04b48,0x0000000084300000)
 Metaspace       used 58442K, committed 59776K, reserved 1114112K
  class space    used 6270K, committed 6848K, reserved 1048576K
}
Event: 25.773 GC heap after
{Heap after GC invocations=35 (full 2):
 PSYoungGen      total 21504K, used 2032K [0x00000000d5580000, 0x00000000d7180000, 0x0000000100000000)
  eden space 19456K, 0% used [0x00000000d5580000,0x00000000d5580000,0x00000000d6880000)
  from space 2048K, 99% used [0x00000000d6880000,0x00000000d6a7c3d0,0x00000000d6a80000)
  to   space 4608K, 0% used [0x00000000d6d00000,0x00000000d6d00000,0x00000000d7180000)
 ParOldGen       total 68608K, used 44842K [0x0000000080000000, 0x0000000084300000, 0x00000000d5580000)
  object space 68608K, 65% used [0x0000000080000000,0x0000000082bcab68,0x0000000084300000)
 Metaspace       used 58442K, committed 59776K, reserved 1114112K
  class space    used 6270K, committed 6848K, reserved 1048576K
}
Event: 25.773 GC heap before
{Heap before GC invocations=36 (full 3):
 PSYoungGen      total 21504K, used 2032K [0x00000000d5580000, 0x00000000d7180000, 0x0000000100000000)
  eden space 19456K, 0% used [0x00000000d5580000,0x00000000d5580000,0x00000000d6880000)
  from space 2048K, 99% used [0x00000000d6880000,0x00000000d6a7c3d0,0x00000000d6a80000)
  to   space 4608K, 0% used [0x00000000d6d00000,0x00000000d6d00000,0x00000000d7180000)
 ParOldGen       total 68608K, used 44842K [0x0000000080000000, 0x0000000084300000, 0x00000000d5580000)
  object space 68608K, 65% used [0x0000000080000000,0x0000000082bcab68,0x0000000084300000)
 Metaspace       used 58442K, committed 59776K, reserved 1114112K
  class space    used 6270K, committed 6848K, reserved 1048576K
}
Event: 26.254 GC heap after
{Heap after GC invocations=36 (full 3):
 PSYoungGen      total 21504K, used 0K [0x00000000d5580000, 0x00000000d7180000, 0x0000000100000000)
  eden space 19456K, 0% used [0x00000000d5580000,0x00000000d5580000,0x00000000d6880000)
  from space 2048K, 0% used [0x00000000d6880000,0x00000000d6880000,0x00000000d6a80000)
  to   space 4608K, 0% used [0x00000000d6d00000,0x00000000d6d00000,0x00000000d7180000)
 ParOldGen       total 68608K, used 42515K [0x0000000080000000, 0x0000000084300000, 0x00000000d5580000)
  object space 68608K, 61% used [0x0000000080000000,0x0000000082984e70,0x0000000084300000)
 Metaspace       used 58435K, committed 59776K, reserved 1114112K
  class space    used 6268K, committed 6848K, reserved 1048576K
}
Event: 27.423 GC heap before
{Heap before GC invocations=37 (full 3):
 PSYoungGen      total 21504K, used 19456K [0x00000000d5580000, 0x00000000d7180000, 0x0000000100000000)
  eden space 19456K, 100% used [0x00000000d5580000,0x00000000d6880000,0x00000000d6880000)
  from space 2048K, 0% used [0x00000000d6880000,0x00000000d6880000,0x00000000d6a80000)
  to   space 4608K, 0% used [0x00000000d6d00000,0x00000000d6d00000,0x00000000d7180000)
 ParOldGen       total 68608K, used 42515K [0x0000000080000000, 0x0000000084300000, 0x00000000d5580000)
  object space 68608K, 61% used [0x0000000080000000,0x0000000082984e70,0x0000000084300000)
 Metaspace       used 59650K, committed 61056K, reserved 1114112K
  class space    used 6374K, committed 6976K, reserved 1048576K
}
Event: 27.443 GC heap after
{Heap after GC invocations=37 (full 3):
 PSYoungGen      total 20992K, used 1329K [0x00000000d5580000, 0x00000000d6e80000, 0x0000000100000000)
  eden space 19456K, 0% used [0x00000000d5580000,0x00000000d5580000,0x00000000d6880000)
  from space 1536K, 86% used [0x00000000d6d00000,0x00000000d6e4c670,0x00000000d6e80000)
  to   space 2560K, 0% used [0x00000000d6980000,0x00000000d6980000,0x00000000d6c00000)
 ParOldGen       total 68608K, used 42523K [0x0000000080000000, 0x0000000084300000, 0x00000000d5580000)
  object space 68608K, 61% used [0x0000000080000000,0x0000000082986e70,0x0000000084300000)
 Metaspace       used 59650K, committed 61056K, reserved 1114112K
  class space    used 6374K, committed 6976K, reserved 1048576K
}

